<?xml version="1.0" encoding="UTF-8"?>
<!-- Generated by org.testng.reporters.JUnitReportReporter -->
<testsuite hostname="HARSHAs-Air.ht.home" failures="0" tests="2" name="Banktests.BankTests" time="42.379" errors="0" timestamp="2022-10-14T20:16:40 EDT" skipped="0">
  <testcase classname="Banktests.BankTests" name="testAddCustomerOpenAccountDeleteCustomer" time="18.124"/>
  <system-out/>
  <testcase classname="Banktests.BankTests" name="testAddCustomerOpenAccountDepositAndWithdraw" time="24.255"/>
  <system-out/>
</testsuite> <!-- Banktests.BankTests -->
